<?xml version="1.0" encoding="UTF-8"?>
<!-- Generated by org.testng.reporters.JUnitReportReporter -->
<testsuite skipped="0" hostname="dsr-PC" name="com.github.fullautomation.AppTest" tests="2" failures="0" timestamp="02 Dec 2019 18:50:03 GMT" time="4.368" errors="0">
  <testcase name="testApacheHttpPost" time="1.357" classname="com.github.fullautomation.AppTest"/>
  <testcase name="testApacheHttp" time="3.011" classname="com.github.fullautomation.AppTest"/>
</testsuite> <!-- com.github.fullautomation.AppTest -->
