<?xml version="1.0" encoding="UTF-8"?>
<!-- Generated by org.testng.reporters.JUnitReportReporter -->
<testsuite skipped="0" hostname="dsr-PC" name="com.github.fullautomation.AppTest" tests="2" failures="0" timestamp="02 Dec 2019 17:32:36 GMT" time="9.622" errors="0">
  <testcase name="testApacheHttp" time="3.199" classname="com.github.fullautomation.AppTest"/>
  <testcase name="testApacheHttpPost" time="6.423" classname="com.github.fullautomation.AppTest"/>
</testsuite> <!-- com.github.fullautomation.AppTest -->
