<?xml version="1.0" encoding="UTF-8"?>
<!-- Generated by org.testng.reporters.JUnitReportReporter -->
<testsuite skipped="0" hostname="dsr-PC" name="com.github.fullautomation.AppTest" tests="2" failures="0" timestamp="01 Dec 2019 19:57:28 GMT" time="8.027" errors="0">
  <testcase name="TestApacheHttp" time="6.472" classname="com.github.fullautomation.AppTest"/>
  <testcase name="TestApacheHttpPost" time="1.555" classname="com.github.fullautomation.AppTest"/>
</testsuite> <!-- com.github.fullautomation.AppTest -->
